L'extension « DXF Output » n'a pas été chargée, car une dépendance est manquante.
Dépendance :
  type : executable
  emplacement : chemin
  chaîne : pstoedit
  description : pstoedit doit être installé pour être exécuté ; consultez le site http://www.pstoedit.net/pstoedit

L'extension « Dia Input » n'a pas été chargée, car une dépendance est manquante.
Dépendance :
  type : executable
  emplacement : chemin
  chaîne : dia
  description : Pour pouvoir importer des fichiers Dia, le logiciel Dia doit être installé. Vous pouvez obtenir Dia sur http://live.gnome.org/Dia

L'extension « LaTeX » n'a pas été chargée, car une dépendance est manquante.
Dépendance :
  type : executable
  emplacement : chemin
  chaîne : pstoedit

L'extension « Sketch Input » n'a pas été chargée, car une dépendance est manquante.
Dépendance :
  type : executable
  emplacement : chemin
  chaîne : skconvert

L'extension « Win32 Vector Print » n'a pas été chargée, car l'extension ne fonctionne qu'avec Windows. C'est le résultat d'un fichier .inx incorrect pour cette extension. Un fichier .inx incorrect peut être dû à un problème dans l'installation d'Inkscape.
