00:00:02.626948 VirtualBox GUI VM Selector Window 6.0.14 r133895 linux.amd64 (Oct 10 2019 21:02:02) release log
00:00:02.626952 Log opened 2019-11-11T12:37:36.715377000Z
00:00:02.626953 Build Type: release
00:00:02.626962 OS Product: Linux
00:00:02.626964 OS Release: 4.19.0-6-amd64
00:00:02.626966 OS Version: #1 SMP Debian 4.19.67-2+deb10u1 (2019-09-20)
00:00:02.627012 DMI Product Name: HP G62 Notebook PC
00:00:02.627025 DMI Product Version: 049B100002202710000020000
00:00:02.627102 Host RAM: 3746MB (3.6GB) total, 3033MB (2.9GB) available
00:00:02.627111 Executable: /usr/lib/virtualbox/VirtualBox
00:00:02.627112 Process ID: 2103
00:00:02.627112 Package type: LINUX_64BITS__UBUNTU_18_04
00:00:02.627169 Qt version: 5.11.3
00:00:02.881403 GUI: UIMediumEnumerator: Medium-enumeration started...
00:00:04.449755 GUI: UIDesktopWidgetWatchdog::sltHandleHostScreenAvailableGeometryCalculated: Screen 0 work area is actually resized to: 0x25 x 1366x743
00:00:04.687191 Failed to open "/dev/vboxdrv", errno=1, rc=VERR_VM_DRIVER_NOT_ACCESSIBLE
00:00:04.692946 GUI: UIMediumEnumerator: Medium-enumeration finished!
00:04:35.962327 GUI: UIMediumEnumerator: Medium-enumeration finished!
00:04:48.187728 GUI: UIMediumEnumerator: Medium-enumeration started...
00:04:49.089621 2D support test succeeded
00:04:49.518533 GUI: UIMediumEnumerator: Medium-enumeration finished!
00:05:20.311783 GUI: UIMediumEnumerator: Medium-enumeration finished!
00:07:16.018109 GUI: UIMediumEnumerator: Medium-enumeration finished!
00:07:24.941307 GUI: UIMediumEnumerator: Medium-enumeration finished!
