[2019:05:28:10:13:48:715377 WARNING] Failed to find pie configuration file "pies.conf"! (This should only happen when Gnome-Pie is started for the first time...)
[2019:05:28:10:13:48:715531 WARNING] Failed to find settings file "gnome-pie.conf"! (This should only happen when Gnome-Pie is started for the first time...)
[2019:05:28:10:13:48:717215 MESSAGE] Welcome to Gnome-Pie 0.7.0!
[2019:05:28:10:13:48:729214 MESSAGE] Creating new configuration file in "/home/birkhoff/.config/gnome-pie/pies.conf".
[2019:05:28:10:13:48:942014 WARNING] Failed to find file ".gtk-bookmarks"!
[2019:05:28:10:13:49:500242 MESSAGE] Saving Pies to "/home/birkhoff/.config/gnome-pie/pies.conf".
[2019:05:28:10:13:50:001045 WARNING] Icon "dock" not found! Using default icon...
[2019:05:28:10:13:52:536338 WARNING] Error loading settings: gnome-pie.conf not found! Using defaults...
[2019:05:28:10:13:52:566167 WARNING] No theme specified! Using default...
[2019:05:28:10:13:52:606809 MESSAGE] Started happily...
[2019:05:28:10:20:37:091073 WARNING] Icon "dock" not found! Using default icon...
[2019:05:28:10:20:53:959096 WARNING] Icon "dock" not found! Using default icon...
[2019:05:28:10:21:15:230242 MESSAGE] Saving Pies to "/home/birkhoff/.config/gnome-pie/pies.conf".
[2019:05:28:10:22:12:873103 WARNING] Icon "[6%][ www.torrent9.uno ] arrow.s07e14.french.nf.web-dl.xvid-extreme.avi" not found! Using default icon...
[2019:05:28:10:22:12:877983 WARNING] Icon "downloading..." not found! Using default icon...
[2019:05:28:10:22:30:291730 WARNING] Icon "dock" not found! Using default icon...
[2019:05:28:10:22:40:300346 WARNING] Icon "dock" not found! Using default icon...
[2019:05:28:10:23:46:021567 WARNING] Icon "" not found! Using default icon...
[2019:05:28:10:23:57:526736 MESSAGE] Saving Pies to "/home/birkhoff/.config/gnome-pie/pies.conf".
[2019:05:28:10:25:33:809165 MESSAGE] Saving Pies to "/home/birkhoff/.config/gnome-pie/pies.conf".
[2019:05:28:10:27:55:083601 WARNING] Icon "" not found! Using default icon...
[2019:05:28:11:02:34:884117 MESSAGE] Saving Pies to "/home/birkhoff/.config/gnome-pie/pies.conf".
[2019:05:28:11:02:39:254274 WARNING] Icon "" not found! Using default icon...
[2019:05:28:13:02:06:181123 MESSAGE] Saving Pies to "/home/birkhoff/.config/gnome-pie/pies.conf".
[2019:05:28:13:03:33:292544 MESSAGE] Devices changed...
[2019:05:28:13:06:51:401966 WARNING] Icon "" not found! Using default icon...
[2019:05:28:13:08:50:893694 MESSAGE] Devices changed...
[2019:05:28:13:12:01:944001 MESSAGE] Devices changed...
[2019:05:28:13:25:20:610694 MESSAGE] Devices changed...
[2019:05:28:13:26:06:374997 MESSAGE] Devices changed...
[2019:05:28:13:36:57:476756 MESSAGE] Devices changed...
[2019:05:28:13:38:05:486584 MESSAGE] Devices changed...
[2019:05:28:13:38:37:079756 MESSAGE] Devices changed...
[2019:05:28:13:38:42:224439 MESSAGE] Devices changed...
[2019:05:28:13:49:27:802297 MESSAGE] Devices changed...
[2019:05:28:14:15:10:553357 MESSAGE] Devices changed...
[2019:05:28:14:16:14:777495 MESSAGE] Devices changed...
[2019:05:28:14:19:36:978944 MESSAGE] Devices changed...
[2019:05:28:14:20:35:041685 MESSAGE] Devices changed...
[2019:05:28:14:55:30:999452 MESSAGE] Devices changed...
[2019:05:28:14:56:08:571764 MESSAGE] Devices changed...
[2019:05:28:16:01:56:995940 MESSAGE] Main menu changed...
[2019:05:28:16:17:30:324567 MESSAGE] Saving Pies to "/home/birkhoff/.config/gnome-pie/pies.conf".
[2019:05:28:16:23:55:932115 MESSAGE] Saving Pies to "/home/birkhoff/.config/gnome-pie/pies.conf".
[2019:05:28:16:24:23:533576 MESSAGE] Devices changed...
[2019:05:28:16:25:51:286210 MESSAGE] Devices changed...
[2019:05:28:17:24:19:398308 MESSAGE] Devices changed...
[2019:05:28:17:24:34:267689 MESSAGE] Devices changed...
[2019:05:28:18:59:29:778157 WARNING] Icon "" not found! Using default icon...
[2019:05:28:19:04:04:313390 WARNING] Icon "lecteur multimédia vlc" not found! Using default icon...
[2019:05:28:21:19:40:274215 WARNING] Icon "" not found! Using default icon...
[2019:05:28:21:26:01:833218 MESSAGE] Welcome to Gnome-Pie 0.7.0!
[2019:05:28:21:26:02:137790 MESSAGE] Loading Pies from "/home/birkhoff/.config/gnome-pie/pies.conf".
[2019:05:28:21:26:02:733726 WARNING] Failed to find file ".gtk-bookmarks"!
[2019:05:28:21:26:09:650178 WARNING] Icon "dock" not found! Using default icon...
[2019:05:28:21:26:11:817865 MESSAGE] Started happily...
[2019:05:29:08:05:13:971666 MESSAGE] Welcome to Gnome-Pie 0.7.0!
[2019:05:29:08:05:14:228426 MESSAGE] Loading Pies from "/home/birkhoff/.config/gnome-pie/pies.conf".
[2019:05:29:08:05:18:091144 WARNING] Failed to find file ".gtk-bookmarks"!
[2019:05:29:08:05:31:967195 WARNING] Icon "dock" not found! Using default icon...
[2019:05:29:08:05:34:619943 MESSAGE] Started happily...
[2019:05:29:08:05:38:799791 WARNING] Icon "" not found! Using default icon...
[2019:05:29:08:07:28:902467 MESSAGE] Welcome to Gnome-Pie 0.7.0!
[2019:05:29:08:07:29:209140 MESSAGE] Loading Pies from "/home/birkhoff/.config/gnome-pie/pies.conf".
[2019:05:29:08:07:32:471926 WARNING] Failed to find file ".gtk-bookmarks"!
[2019:05:29:08:07:46:889593 WARNING] Icon "dock" not found! Using default icon...
[2019:05:29:08:07:48:949467 MESSAGE] Started happily...
[2019:05:29:08:21:04:556831 MESSAGE] Saving Pies to "/home/birkhoff/.config/gnome-pie/pies.conf".
[2019:05:29:08:22:07:502379 MESSAGE] Devices changed...
[2019:05:29:08:22:12:714135 MESSAGE] Devices changed...
[2019:05:29:08:22:16:857723 MESSAGE] Devices changed...
[2019:05:29:08:22:19:059601 MESSAGE] Devices changed...
[2019:05:29:08:22:23:039644 MESSAGE] Devices changed...
[2019:05:29:08:22:25:354650 MESSAGE] Devices changed...
[2019:05:29:08:24:05:290742 MESSAGE] Devices changed...
[2019:05:29:08:24:40:642384 MESSAGE] Main menu changed...
[2019:05:29:08:25:26:240428 MESSAGE] Devices changed...
[2019:05:29:08:25:35:080526 MESSAGE] Devices changed...
[2019:05:29:08:30:00:589366 MESSAGE] Saving Pies to "/home/birkhoff/.config/gnome-pie/pies.conf".
[2019:05:29:08:34:23:725029 MESSAGE] Devices changed...
[2019:05:29:08:34:26:031161 WARNING] Icon "libreoffice 6.2" not found! Using default icon...
[2019:05:29:08:34:31:980874 MESSAGE] Devices changed...
[2019:05:29:08:34:32:853848 WARNING] Icon "libreoffice 6.2" not found! Using default icon...
[2019:05:29:08:34:55:013108 MESSAGE] Devices changed...
[2019:05:29:08:34:57:312750 WARNING] Icon "libreoffice 6.2" not found! Using default icon...
[2019:05:29:08:35:01:266146 MESSAGE] Devices changed...
[2019:05:29:08:35:03:136599 WARNING] Icon "libreoffice 6.2" not found! Using default icon...
[2019:05:29:08:38:09:703660 MESSAGE] Devices changed...
[2019:05:29:08:38:17:117043 MESSAGE] Devices changed...
[2019:05:29:08:40:04:312852 MESSAGE] Devices changed...
[2019:05:29:08:41:36:518845 MESSAGE] Welcome to Gnome-Pie 0.7.0!
[2019:05:29:08:41:36:675626 MESSAGE] Loading Pies from "/home/birkhoff/.config/gnome-pie/pies.conf".
[2019:05:29:08:41:45:021686 WARNING] Failed to find file ".gtk-bookmarks"!
[2019:05:29:08:41:57:204094 WARNING] Icon "dock" not found! Using default icon...
[2019:05:29:08:41:59:561226 MESSAGE] Started happily...
[2019:05:29:08:42:30:302914 MESSAGE] Saving Pies to "/home/birkhoff/.config/gnome-pie/pies.conf".
[2019:05:29:08:46:24:706368 MESSAGE] Saving Pies to "/home/birkhoff/.config/gnome-pie/pies.conf".
[2019:05:29:09:08:33:587099 MESSAGE] Devices changed...
[2019:05:29:09:10:56:539596 MESSAGE] Devices changed...
[2019:05:29:09:11:00:099835 MESSAGE] Devices changed...
[2019:05:29:09:11:15:509812 MESSAGE] Devices changed...
[2019:05:29:09:11:19:182041 MESSAGE] Devices changed...
[2019:05:29:09:11:42:068190 MESSAGE] Devices changed...
[2019:05:29:09:11:46:550813 MESSAGE] Devices changed...
[2019:05:29:09:13:29:840641 MESSAGE] Main menu changed...
[2019:05:29:09:14:36:896016 MESSAGE] Devices changed...
[2019:05:29:09:14:46:856387 MESSAGE] Devices changed...
[2019:05:29:09:15:00:685638 MESSAGE] Main menu changed...
[2019:05:29:09:15:28:951781 MESSAGE] Devices changed...
[2019:05:29:09:17:34:785916 MESSAGE] Welcome to Gnome-Pie 0.7.0!
[2019:05:29:09:17:34:851105 MESSAGE] Loading Pies from "/home/birkhoff/.config/gnome-pie/pies.conf".
[2019:05:29:09:17:42:547291 WARNING] Failed to find file ".gtk-bookmarks"!
[2019:05:29:09:17:54:298232 WARNING] Icon "dock" not found! Using default icon...
[2019:05:29:09:17:56:696390 MESSAGE] Started happily...
[2019:05:29:09:22:16:581946 MESSAGE] Welcome to Gnome-Pie 0.7.0!
[2019:05:29:09:22:16:671827 MESSAGE] Loading Pies from "/home/birkhoff/.config/gnome-pie/pies.conf".
[2019:05:29:09:22:17:575444 WARNING] Failed to find file ".gtk-bookmarks"!
[2019:05:29:09:22:21:012230 WARNING] Icon "dock" not found! Using default icon...
[2019:05:29:09:22:21:012757 WARNING] No default icon found! Will be ugly...
[2019:05:29:09:22:21:012900 MESSAGE] Error loading image file: Impossible d'ouvrir le fichier «  » : Aucun fichier ou dossier de ce type
[2019:05:29:09:22:23:016267 MESSAGE] Started happily...
[2019:05:29:09:23:49:307865 MESSAGE] Welcome to Gnome-Pie 0.7.0!
[2019:05:29:09:23:49:664516 MESSAGE] Loading Pies from "/home/birkhoff/.config/gnome-pie/pies.conf".
[2019:05:29:09:23:50:965370 WARNING] Failed to find file ".gtk-bookmarks"!
[2019:05:29:09:24:01:876594 WARNING] Icon "dock" not found! Using default icon...
[2019:05:29:09:24:01:876971 WARNING] No default icon found! Will be ugly...
[2019:05:29:09:24:01:877115 MESSAGE] Error loading image file: Impossible d'ouvrir le fichier «  » : Aucun fichier ou dossier de ce type
[2019:05:29:09:24:04:600580 MESSAGE] Started happily...
[2019:05:29:09:49:34:510992 MESSAGE] Welcome to Gnome-Pie 0.7.0!
[2019:05:29:09:49:34:734300 MESSAGE] Loading Pies from "/home/birkhoff/.config/gnome-pie/pies.conf".
[2019:05:29:09:49:35:375532 WARNING] Failed to find file ".gtk-bookmarks"!
[2019:05:29:09:49:52:731230 WARNING] Icon "user-bookmarks" not found! Using default icon...
[2019:05:29:09:49:52:731332 WARNING] No default icon found! Will be ugly...
[2019:05:29:09:49:52:731502 MESSAGE] Error loading image file: Impossible d'ouvrir le fichier «  » : Aucun fichier ou dossier de ce type
[2019:05:29:09:49:52:732029 WARNING] Icon "start-here" not found! Using default icon...
[2019:05:29:09:49:52:732122 WARNING] No default icon found! Will be ugly...
[2019:05:29:09:49:52:732221 MESSAGE] Error loading image file: Impossible d'ouvrir le fichier «  » : Aucun fichier ou dossier de ce type
[2019:05:29:09:49:52:732407 WARNING] Icon "media-playback-start" not found! Using default icon...
[2019:05:29:09:49:52:732492 WARNING] No default icon found! Will be ugly...
[2019:05:29:09:49:52:732587 MESSAGE] Error loading image file: Impossible d'ouvrir le fichier «  » : Aucun fichier ou dossier de ce type
[2019:05:29:09:49:52:732783 WARNING] Icon "preferences-system-windows" not found! Using default icon...
[2019:05:29:09:49:52:732867 WARNING] No default icon found! Will be ugly...
[2019:05:29:09:49:52:732962 MESSAGE] Error loading image file: Impossible d'ouvrir le fichier «  » : Aucun fichier ou dossier de ce type
[2019:05:29:09:49:52:733206 WARNING] Icon "system-log-out" not found! Using default icon...
[2019:05:29:09:49:52:733291 WARNING] No default icon found! Will be ugly...
[2019:05:29:09:49:52:733386 MESSAGE] Error loading image file: Impossible d'ouvrir le fichier «  » : Aucun fichier ou dossier de ce type
[2019:05:29:09:49:52:733556 WARNING] Icon "dock" not found! Using default icon...
[2019:05:29:09:49:52:733641 WARNING] No default icon found! Will be ugly...
[2019:05:29:09:49:52:733735 MESSAGE] Error loading image file: Impossible d'ouvrir le fichier «  » : Aucun fichier ou dossier de ce type
[2019:05:29:09:49:52:733965 WARNING] Icon "applications-accessories" not found! Using default icon...
[2019:05:29:09:49:52:734054 WARNING] No default icon found! Will be ugly...
[2019:05:29:09:49:52:734148 MESSAGE] Error loading image file: Impossible d'ouvrir le fichier «  » : Aucun fichier ou dossier de ce type
[2019:05:29:09:49:52:759479 WARNING] Icon "list-add" not found! Using default icon...
[2019:05:29:09:49:52:759572 WARNING] No default icon found! Will be ugly...
[2019:05:29:09:49:52:759672 MESSAGE] Error loading image file: Impossible d'ouvrir le fichier «  » : Aucun fichier ou dossier de ce type
[2019:05:29:09:49:52:814009 WARNING] Icon "application-x-executable" not found! Using default icon...
[2019:05:29:09:49:52:814142 WARNING] No default icon found! Will be ugly...
[2019:05:29:09:49:52:814248 MESSAGE] Error loading image file: Impossible d'ouvrir le fichier «  » : Aucun fichier ou dossier de ce type
[2019:05:29:09:49:52:814497 WARNING] Icon "preferences-desktop-keyboard-shortcuts" not found! Using default icon...
[2019:05:29:09:49:52:814577 WARNING] No default icon found! Will be ugly...
[2019:05:29:09:49:52:814672 MESSAGE] Error loading image file: Impossible d'ouvrir le fichier «  » : Aucun fichier ou dossier de ce type
[2019:05:29:09:49:52:814916 WARNING] Icon "gnome-pie" not found! Using default icon...
[2019:05:29:09:49:52:815002 WARNING] No default icon found! Will be ugly...
[2019:05:29:09:49:52:815097 MESSAGE] Error loading image file: Impossible d'ouvrir le fichier «  » : Aucun fichier ou dossier de ce type
[2019:05:29:09:49:52:815312 WARNING] Icon "web-browser" not found! Using default icon...
[2019:05:29:09:49:52:815397 WARNING] No default icon found! Will be ugly...
[2019:05:29:09:49:52:815492 MESSAGE] Error loading image file: Impossible d'ouvrir le fichier «  » : Aucun fichier ou dossier de ce type
[2019:05:29:09:49:52:815692 WARNING] Icon "user-bookmarks" not found! Using default icon...
[2019:05:29:09:49:52:815777 WARNING] No default icon found! Will be ugly...
[2019:05:29:09:49:52:815871 MESSAGE] Error loading image file: Impossible d'ouvrir le fichier «  » : Aucun fichier ou dossier de ce type
[2019:05:29:09:49:52:816147 WARNING] Icon "edit-paste" not found! Using default icon...
[2019:05:29:09:49:52:816232 WARNING] No default icon found! Will be ugly...
[2019:05:29:09:49:52:816326 MESSAGE] Error loading image file: Impossible d'ouvrir le fichier «  » : Aucun fichier ou dossier de ce type
[2019:05:29:09:49:52:816607 WARNING] Icon "drive-harddisk" not found! Using default icon...
[2019:05:29:09:49:52:816691 WARNING] No default icon found! Will be ugly...
[2019:05:29:09:49:52:816815 MESSAGE] Error loading image file: Impossible d'ouvrir le fichier «  » : Aucun fichier ou dossier de ce type
[2019:05:29:09:49:52:817149 WARNING] Icon "start-here" not found! Using default icon...
[2019:05:29:09:49:52:817234 WARNING] No default icon found! Will be ugly...
[2019:05:29:09:49:52:817329 MESSAGE] Error loading image file: Impossible d'ouvrir le fichier «  » : Aucun fichier ou dossier de ce type
[2019:05:29:09:49:52:817624 WARNING] Icon "system-log-out" not found! Using default icon...
[2019:05:29:09:49:52:817714 WARNING] No default icon found! Will be ugly...
[2019:05:29:09:49:52:817824 MESSAGE] Error loading image file: Impossible d'ouvrir le fichier «  » : Aucun fichier ou dossier de ce type
[2019:05:29:09:49:52:818179 WARNING] Icon "preferences-system-windows" not found! Using default icon...
[2019:05:29:09:49:52:818269 WARNING] No default icon found! Will be ugly...
[2019:05:29:09:49:52:818367 MESSAGE] Error loading image file: Impossible d'ouvrir le fichier «  » : Aucun fichier ou dossier de ce type
[2019:05:29:09:49:54:369038 MESSAGE] Started happily...
[2019:05:29:10:05:08:375348 MESSAGE] Welcome to Gnome-Pie 0.7.0!
[2019:05:29:10:05:08:615218 MESSAGE] Loading Pies from "/home/birkhoff/.config/gnome-pie/pies.conf".
[2019:05:29:10:05:11:582269 WARNING] Failed to find file ".gtk-bookmarks"!
[2019:05:29:10:05:27:225242 WARNING] Icon "dock" not found! Using default icon...
[2019:05:29:10:05:29:226927 MESSAGE] Started happily...
[2019:05:29:10:09:08:754898 MESSAGE] Saving Pies to "/home/birkhoff/.config/gnome-pie/pies.conf".
[2019:05:29:10:13:53:158235 MESSAGE] Welcome to Gnome-Pie 0.7.0!
[2019:05:29:10:13:53:998391 MESSAGE] Loading Pies from "/home/birkhoff/.config/gnome-pie/pies.conf".
[2019:05:29:10:13:57:057136 WARNING] Failed to find file ".gtk-bookmarks"!
[2019:05:29:10:14:12:250032 WARNING] Icon "dock" not found! Using default icon...
[2019:05:29:10:14:14:301391 MESSAGE] Started happily...
[2019:05:29:10:16:16:624069 MESSAGE] Welcome to Gnome-Pie 0.7.0!
[2019:05:29:10:16:16:630835 MESSAGE] Loading Pies from "/home/birkhoff/.config/gnome-pie/pies.conf".
[2019:05:29:10:16:16:883871 WARNING] Failed to find file ".gtk-bookmarks"!
[2019:05:29:10:16:17:591259 WARNING] Icon "dock" not found! Using default icon...
[2019:05:29:10:16:19:566783 MESSAGE] Started happily...
[2019:05:29:10:29:22:471274 MESSAGE] Welcome to Gnome-Pie 0.7.0!
[2019:05:29:10:29:22:585067 MESSAGE] Loading Pies from "/home/birkhoff/.config/gnome-pie/pies.conf".
[2019:05:29:10:29:24:175538 WARNING] Failed to find file ".gtk-bookmarks"!
[2019:05:29:10:29:29:437281 WARNING] Icon "dock" not found! Using default icon...
[2019:05:29:10:29:30:559563 MESSAGE] Started happily...
[2019:05:29:10:30:47:840502 MESSAGE] Welcome to Gnome-Pie 0.7.0!
[2019:05:29:10:30:47:841755 MESSAGE] Loading Pies from "/home/birkhoff/.config/gnome-pie/pies.conf".
[2019:05:29:10:30:48:202418 WARNING] Failed to find file ".gtk-bookmarks"!
[2019:05:29:10:30:48:916365 WARNING] Icon "dock" not found! Using default icon...
[2019:05:29:10:30:50:589042 MESSAGE] Started happily...
[2019:05:29:10:31:53:203811 MESSAGE] Welcome to Gnome-Pie 0.7.0!
[2019:05:29:10:31:53:205112 MESSAGE] Loading Pies from "/home/birkhoff/.config/gnome-pie/pies.conf".
[2019:05:29:10:31:53:468698 WARNING] Failed to find file ".gtk-bookmarks"!
[2019:05:29:10:31:54:349665 WARNING] Icon "dock" not found! Using default icon...
[2019:05:29:10:31:56:438403 MESSAGE] Started happily...
[2019:05:29:10:32:46:083257 MESSAGE] Welcome to Gnome-Pie 0.7.0!
[2019:05:29:10:32:46:087924 MESSAGE] Loading Pies from "/home/birkhoff/.config/gnome-pie/pies.conf".
[2019:05:29:10:32:46:376598 WARNING] Failed to find file ".gtk-bookmarks"!
[2019:05:29:10:32:47:019369 WARNING] Icon "dock" not found! Using default icon...
[2019:05:29:10:32:48:681851 MESSAGE] Started happily...
[2019:05:29:10:34:23:674453 MESSAGE] Welcome to Gnome-Pie 0.7.0!
[2019:05:29:10:34:23:931357 MESSAGE] Loading Pies from "/home/birkhoff/.config/gnome-pie/pies.conf".
[2019:05:29:10:34:26:823412 WARNING] Failed to find file ".gtk-bookmarks"!
[2019:05:29:10:34:42:249761 WARNING] Icon "dock" not found! Using default icon...
[2019:05:29:10:34:44:038231 MESSAGE] Started happily...
[2019:05:29:11:08:35:113451 MESSAGE] Saving Pies to "/home/birkhoff/.config/gnome-pie/pies.conf".
[2019:05:29:11:08:49:076651 WARNING] Icon "dock" not found! Using default icon...
[2019:05:29:11:09:07:436569 MESSAGE] Saving Pies to "/home/birkhoff/.config/gnome-pie/pies.conf".
[2019:05:29:12:08:17:674676 MESSAGE] Devices changed...
[2019:05:29:12:08:38:008017 MESSAGE] Devices changed...
[2019:05:29:12:45:43:228206 MESSAGE] Devices changed...
[2019:05:29:12:46:21:734293 WARNING] Icon "iron.sky.the.coming.race.2019.french.hdrip.xvid-extreme.avi - smplayer" not found! Using default icon...
[2019:05:29:12:49:15:607036 WARNING] Icon "iron.sky.the.coming.race.2019.french.hdrip.xvid-extreme.avi - smplayer" not found! Using default icon...
[2019:05:29:12:49:20:616108 WARNING] Icon "iron.sky.the.coming.race.2019.french.hdrip.xvid-extreme.avi - smplayer" not found! Using default icon...
[2019:05:29:12:52:41:015520 MESSAGE] Devices changed...
[2019:05:29:12:52:56:244571 MESSAGE] Devices changed...
[2019:05:29:13:00:15:485328 MESSAGE] Devices changed...
[2019:05:29:13:00:23:236215 MESSAGE] Devices changed...
[2019:05:29:13:02:12:555202 MESSAGE] Devices changed...
[2019:05:29:15:25:28:226254 MESSAGE] Devices changed...
[2019:05:29:15:35:25:233239 MESSAGE] Devices changed...
[2019:05:30:08:49:15:786691 MESSAGE] Welcome to Gnome-Pie 0.7.0!
[2019:05:30:08:49:16:326579 MESSAGE] Loading Pies from "/home/birkhoff/.config/gnome-pie/pies.conf".
[2019:05:30:08:49:18:585314 WARNING] Failed to find file ".gtk-bookmarks"!
[2019:05:30:08:49:35:611719 WARNING] Icon "dock" not found! Using default icon...
[2019:05:30:08:49:37:535268 MESSAGE] Started happily...
[2019:05:30:11:01:10:582310 MESSAGE] Main menu changed...
[2019:05:30:11:01:24:554395 MESSAGE] Main menu changed...
[2019:05:30:13:52:54:382776 MESSAGE] Devices changed...
[2019:05:30:14:01:56:085224 MESSAGE] Welcome to Gnome-Pie 0.7.0!
[2019:05:30:14:01:56:700021 MESSAGE] Loading Pies from "/home/birkhoff/.config/gnome-pie/pies.conf".
[2019:05:30:14:01:58:200545 WARNING] Failed to find file ".gtk-bookmarks"!
[2019:05:30:14:02:14:110052 WARNING] Icon "dock" not found! Using default icon...
[2019:05:30:14:02:16:099024 MESSAGE] Started happily...
[2019:05:30:14:02:25:989329 MESSAGE] Devices changed...
[2019:05:30:14:36:03:777114 MESSAGE] Devices changed...
[2019:05:30:16:31:08:872507 MESSAGE] Devices changed...
[2019:05:30:16:54:51:424798 MESSAGE] Devices changed...
[2019:05:30:16:55:57:287775 MESSAGE] Devices changed...
[2019:05:30:17:04:22:189767 MESSAGE] Welcome to Gnome-Pie 0.7.0!
[2019:05:30:17:04:22:304715 MESSAGE] Loading Pies from "/home/birkhoff/.config/gnome-pie/pies.conf".
[2019:05:30:17:04:24:105105 WARNING] Failed to find file ".gtk-bookmarks"!
[2019:05:30:17:04:40:698105 WARNING] Icon "dock" not found! Using default icon...
[2019:05:30:17:04:43:180050 MESSAGE] Started happily...
[2019:05:30:17:10:37:064649 MESSAGE] Devices changed...
[2019:05:30:17:13:11:338321 MESSAGE] Devices changed...
[2019:05:30:22:28:15:577517 MESSAGE] Devices changed...
[2019:05:30:22:29:22:719322 MESSAGE] Devices changed...
[2019:05:31:07:43:37:736364 MESSAGE] Welcome to Gnome-Pie 0.7.0!
[2019:05:31:07:43:37:968060 MESSAGE] Loading Pies from "/home/birkhoff/.config/gnome-pie/pies.conf".
[2019:05:31:07:43:40:885258 WARNING] Failed to find file ".gtk-bookmarks"!
[2019:05:31:07:43:58:311666 WARNING] Icon "dock" not found! Using default icon...
[2019:05:31:07:44:00:454505 MESSAGE] Started happily...
